<?xml version="1.0" encoding="UTF-8"?>
<testsuite xmlns:xsi="http://www.w3.org/2001/XMLSchema-instance" xsi:noNamespaceSchemaLocation="https://maven.apache.org/surefire/maven-surefire-plugin/xsd/surefire-test-report.xsd" name="tasks.model.TaskTest" time="0.008" tests="8" errors="0" skipped="0" failures="0">
  <properties>
    <property name="java.specification.version" value="21"/>
    <property name="sun.cpu.isalist" value="amd64"/>
    <property name="sun.jnu.encoding" value="Cp1252"/>
    <property name="java.class.path" value="C:\H\projects\vvsslab04\target\test-classes;C:\Users\thomas.kaisser\.m2\repository\org\junit\jupiter\junit-jupiter-engine\5.7.0\junit-jupiter-engine-5.7.0.jar;C:\Users\thomas.kaisser\.m2\repository\org\apiguardian\apiguardian-api\1.1.0\apiguardian-api-1.1.0.jar;C:\Users\thomas.kaisser\.m2\repository\org\junit\platform\junit-platform-engine\1.7.0\junit-platform-engine-1.7.0.jar;C:\Users\thomas.kaisser\.m2\repository\org\junit\jupiter\junit-jupiter-api\5.7.0\junit-jupiter-api-5.7.0.jar;C:\Users\thomas.kaisser\.m2\repository\org\opentest4j\opentest4j\1.2.0\opentest4j-1.2.0.jar;C:\Users\thomas.kaisser\.m2\repository\org\junit\platform\junit-platform-commons\1.7.0\junit-platform-commons-1.7.0.jar;C:\Users\thomas.kaisser\.m2\repository\org\junit\jupiter\junit-jupiter-params\5.7.0\junit-jupiter-params-5.7.0.jar;C:\Users\thomas.kaisser\.m2\repository\org\mockito\mockito-core\2.23.0\mockito-core-2.23.0.jar;C:\Users\thomas.kaisser\.m2\repository\net\bytebuddy\byte-buddy\1.9.0\byte-buddy-1.9.0.jar;C:\Users\thomas.kaisser\.m2\repository\net\bytebuddy\byte-buddy-agent\1.9.0\byte-buddy-agent-1.9.0.jar;C:\Users\thomas.kaisser\.m2\repository\org\objenesis\objenesis\2.6\objenesis-2.6.jar;C:\Users\thomas.kaisser\.m2\repository\org\mockito\mockito-junit-jupiter\2.23.0\mockito-junit-jupiter-2.23.0.jar;C:\Users\thomas.kaisser\.m2\repository\org\openjfx\javafx-base\14-ea+4\javafx-base-14-ea+4.jar;C:\Users\thomas.kaisser\.m2\repository\org\openjfx\javafx-graphics\14-ea+4\javafx-graphics-14-ea+4.jar;C:\Users\thomas.kaisser\.m2\repository\org\openjfx\javafx-controls\14-ea+4\javafx-controls-14-ea+4.jar;C:\Users\thomas.kaisser\.m2\repository\org\openjfx\javafx-fxml\14-ea+4\javafx-fxml-14-ea+4.jar;C:\Users\thomas.kaisser\.m2\repository\org\openjfx\javafx-media\14-ea+4\javafx-media-14-ea+4.jar;C:\Users\thomas.kaisser\.m2\repository\org\openjfx\javafx-swing\14-ea+4\javafx-swing-14-ea+4.jar;C:\Users\thomas.kaisser\.m2\repository\org\openjfx\javafx-web\14-ea+4\javafx-web-14-ea+4.jar;C:\Users\thomas.kaisser\.m2\repository\junit\junit\4.13.2\junit-4.13.2.jar;C:\Users\thomas.kaisser\.m2\repository\org\hamcrest\hamcrest-core\1.3\hamcrest-core-1.3.jar;"/>
    <property name="java.vm.vendor" value="Oracle Corporation"/>
    <property name="sun.arch.data.model" value="64"/>
    <property name="user.variant" value=""/>
    <property name="java.vendor.url" value="https://java.oracle.com/"/>
    <property name="user.timezone" value="Europe/Bucharest"/>
    <property name="os.name" value="Windows 10"/>
    <property name="java.vm.specification.version" value="21"/>
    <property name="sun.java.launcher" value="SUN_STANDARD"/>
    <property name="user.country" value="US"/>
    <property name="sun.boot.library.path" value="C:\Users\thomas.kaisser\.jdks\openjdk-21.0.2\bin"/>
    <property name="sun.java.command" value="org.apache.maven.surefire.booter.ForkedBooter C:\Users\thomas.kaisser\AppData\Local\Temp\surefire3296470241518370176 2024-04-25T19-44-53_001-jvmRun1 surefire17422227476756044182tmp surefire_0334113232202651918tmp"/>
    <property name="jdk.debug" value="release"/>
    <property name="surefire.test.class.path" value="C:\H\projects\vvsslab04\target\test-classes;C:\Users\thomas.kaisser\.m2\repository\org\junit\jupiter\junit-jupiter-engine\5.7.0\junit-jupiter-engine-5.7.0.jar;C:\Users\thomas.kaisser\.m2\repository\org\apiguardian\apiguardian-api\1.1.0\apiguardian-api-1.1.0.jar;C:\Users\thomas.kaisser\.m2\repository\org\junit\platform\junit-platform-engine\1.7.0\junit-platform-engine-1.7.0.jar;C:\Users\thomas.kaisser\.m2\repository\org\junit\jupiter\junit-jupiter-api\5.7.0\junit-jupiter-api-5.7.0.jar;C:\Users\thomas.kaisser\.m2\repository\org\opentest4j\opentest4j\1.2.0\opentest4j-1.2.0.jar;C:\Users\thomas.kaisser\.m2\repository\org\junit\platform\junit-platform-commons\1.7.0\junit-platform-commons-1.7.0.jar;C:\Users\thomas.kaisser\.m2\repository\org\junit\jupiter\junit-jupiter-params\5.7.0\junit-jupiter-params-5.7.0.jar;C:\Users\thomas.kaisser\.m2\repository\org\mockito\mockito-core\2.23.0\mockito-core-2.23.0.jar;C:\Users\thomas.kaisser\.m2\repository\net\bytebuddy\byte-buddy\1.9.0\byte-buddy-1.9.0.jar;C:\Users\thomas.kaisser\.m2\repository\net\bytebuddy\byte-buddy-agent\1.9.0\byte-buddy-agent-1.9.0.jar;C:\Users\thomas.kaisser\.m2\repository\org\objenesis\objenesis\2.6\objenesis-2.6.jar;C:\Users\thomas.kaisser\.m2\repository\org\mockito\mockito-junit-jupiter\2.23.0\mockito-junit-jupiter-2.23.0.jar;C:\Users\thomas.kaisser\.m2\repository\org\openjfx\javafx-base\14-ea+4\javafx-base-14-ea+4.jar;C:\Users\thomas.kaisser\.m2\repository\org\openjfx\javafx-graphics\14-ea+4\javafx-graphics-14-ea+4.jar;C:\Users\thomas.kaisser\.m2\repository\org\openjfx\javafx-controls\14-ea+4\javafx-controls-14-ea+4.jar;C:\Users\thomas.kaisser\.m2\repository\org\openjfx\javafx-fxml\14-ea+4\javafx-fxml-14-ea+4.jar;C:\Users\thomas.kaisser\.m2\repository\org\openjfx\javafx-media\14-ea+4\javafx-media-14-ea+4.jar;C:\Users\thomas.kaisser\.m2\repository\org\openjfx\javafx-swing\14-ea+4\javafx-swing-14-ea+4.jar;C:\Users\thomas.kaisser\.m2\repository\org\openjfx\javafx-web\14-ea+4\javafx-web-14-ea+4.jar;C:\Users\thomas.kaisser\.m2\repository\junit\junit\4.13.2\junit-4.13.2.jar;C:\Users\thomas.kaisser\.m2\repository\org\hamcrest\hamcrest-core\1.3\hamcrest-core-1.3.jar;"/>
    <property name="sun.cpu.endian" value="little"/>
    <property name="user.home" value="C:\Users\thomas.kaisser"/>
    <property name="user.language" value="en"/>
    <property name="java.specification.vendor" value="Oracle Corporation"/>
    <property name="jdk.module.path" value="C:\H\projects\vvsslab04\target\classes;C:\Users\thomas.kaisser\.m2\repository\org\openjfx\javafx-base\14-ea+4\javafx-base-14-ea+4-win.jar;C:\Users\thomas.kaisser\.m2\repository\org\openjfx\javafx-graphics\14-ea+4\javafx-graphics-14-ea+4-win.jar;C:\Users\thomas.kaisser\.m2\repository\org\openjfx\javafx-controls\14-ea+4\javafx-controls-14-ea+4-win.jar;C:\Users\thomas.kaisser\.m2\repository\org\openjfx\javafx-fxml\14-ea+4\javafx-fxml-14-ea+4-win.jar;C:\Users\thomas.kaisser\.m2\repository\org\openjfx\javafx-media\14-ea+4\javafx-media-14-ea+4-win.jar;C:\Users\thomas.kaisser\.m2\repository\org\openjfx\javafx-swing\14-ea+4\javafx-swing-14-ea+4-win.jar;C:\Users\thomas.kaisser\.m2\repository\org\openjfx\javafx-web\14-ea+4\javafx-web-14-ea+4-win.jar;C:\Users\thomas.kaisser\.m2\repository\log4j\log4j\1.2.17\log4j-1.2.17.jar;C:\Users\thomas.kaisser\.m2\repository\org\controlsfx\controlsfx\11.0.1\controlsfx-11.0.1.jar"/>
    <property name="java.version.date" value="2024-01-16"/>
    <property name="java.home" value="C:\Users\thomas.kaisser\.jdks\openjdk-21.0.2"/>
    <property name="file.separator" value="\"/>
    <property name="basedir" value="C:\H\projects\vvsslab04"/>
    <property name="java.vm.compressedOopsMode" value="Zero based"/>
    <property name="line.separator" value="&#10;"/>
    <property name="java.vm.specification.vendor" value="Oracle Corporation"/>
    <property name="java.specification.name" value="Java Platform API Specification"/>
    <property name="surefire.real.class.path" value="C:\Users\thomas.kaisser\.m2\repository\org\apache\maven\surefire\surefire-booter\2.22.1\surefire-booter-2.22.1.jar;C:\Users\thomas.kaisser\.m2\repository\org\apache\maven\surefire\surefire-api\2.22.1\surefire-api-2.22.1.jar;C:\Users\thomas.kaisser\.m2\repository\org\apache\maven\surefire\surefire-logger-api\2.22.1\surefire-logger-api-2.22.1.jar;C:\H\projects\vvsslab04\target\test-classes;C:\Users\thomas.kaisser\.m2\repository\org\junit\jupiter\junit-jupiter-engine\5.7.0\junit-jupiter-engine-5.7.0.jar;C:\Users\thomas.kaisser\.m2\repository\org\apiguardian\apiguardian-api\1.1.0\apiguardian-api-1.1.0.jar;C:\Users\thomas.kaisser\.m2\repository\org\junit\platform\junit-platform-engine\1.7.0\junit-platform-engine-1.7.0.jar;C:\Users\thomas.kaisser\.m2\repository\org\junit\jupiter\junit-jupiter-api\5.7.0\junit-jupiter-api-5.7.0.jar;C:\Users\thomas.kaisser\.m2\repository\org\opentest4j\opentest4j\1.2.0\opentest4j-1.2.0.jar;C:\Users\thomas.kaisser\.m2\repository\org\junit\platform\junit-platform-commons\1.7.0\junit-platform-commons-1.7.0.jar;C:\Users\thomas.kaisser\.m2\repository\org\junit\jupiter\junit-jupiter-params\5.7.0\junit-jupiter-params-5.7.0.jar;C:\Users\thomas.kaisser\.m2\repository\org\mockito\mockito-core\2.23.0\mockito-core-2.23.0.jar;C:\Users\thomas.kaisser\.m2\repository\net\bytebuddy\byte-buddy\1.9.0\byte-buddy-1.9.0.jar;C:\Users\thomas.kaisser\.m2\repository\net\bytebuddy\byte-buddy-agent\1.9.0\byte-buddy-agent-1.9.0.jar;C:\Users\thomas.kaisser\.m2\repository\org\objenesis\objenesis\2.6\objenesis-2.6.jar;C:\Users\thomas.kaisser\.m2\repository\org\mockito\mockito-junit-jupiter\2.23.0\mockito-junit-jupiter-2.23.0.jar;C:\Users\thomas.kaisser\.m2\repository\org\openjfx\javafx-base\14-ea+4\javafx-base-14-ea+4.jar;C:\Users\thomas.kaisser\.m2\repository\org\openjfx\javafx-graphics\14-ea+4\javafx-graphics-14-ea+4.jar;C:\Users\thomas.kaisser\.m2\repository\org\openjfx\javafx-controls\14-ea+4\javafx-controls-14-ea+4.jar;C:\Users\thomas.kaisser\.m2\repository\org\openjfx\javafx-fxml\14-ea+4\javafx-fxml-14-ea+4.jar;C:\Users\thomas.kaisser\.m2\repository\org\openjfx\javafx-media\14-ea+4\javafx-media-14-ea+4.jar;C:\Users\thomas.kaisser\.m2\repository\org\openjfx\javafx-swing\14-ea+4\javafx-swing-14-ea+4.jar;C:\Users\thomas.kaisser\.m2\repository\org\openjfx\javafx-web\14-ea+4\javafx-web-14-ea+4.jar;C:\Users\thomas.kaisser\.m2\repository\junit\junit\4.13.2\junit-4.13.2.jar;C:\Users\thomas.kaisser\.m2\repository\org\hamcrest\hamcrest-core\1.3\hamcrest-core-1.3.jar;C:\Users\thomas.kaisser\.m2\repository\org\apache\maven\surefire\surefire-junit-platform\2.22.1\surefire-junit-platform-2.22.1.jar;C:\Users\thomas.kaisser\.m2\repository\org\junit\platform\junit-platform-launcher\1.3.1\junit-platform-launcher-1.3.1.jar"/>
    <property name="user.script" value=""/>
    <property name="sun.management.compiler" value="HotSpot 64-Bit Tiered Compilers"/>
    <property name="java.runtime.version" value="21.0.2+13-58"/>
    <property name="user.name" value="thomas.kaisser"/>
    <property name="stdout.encoding" value="Cp1252"/>
    <property name="path.separator" value=";"/>
    <property name="os.version" value="10.0"/>
    <property name="java.runtime.name" value="OpenJDK Runtime Environment"/>
    <property name="file.encoding" value="UTF-8"/>
    <property name="java.vm.name" value="OpenJDK 64-Bit Server VM"/>
    <property name="localRepository" value="C:\Users\thomas.kaisser\.m2\repository"/>
    <property name="java.vendor.url.bug" value="https://bugreport.java.com/bugreport/"/>
    <property name="java.io.tmpdir" value="C:\Users\THOMAS~1.KAI\AppData\Local\Temp\"/>
    <property name="idea.version" value="2023.3.6"/>
    <property name="java.version" value="21.0.2"/>
    <property name="user.dir" value="C:\H\projects\vvsslab04"/>
    <property name="os.arch" value="amd64"/>
    <property name="java.vm.specification.name" value="Java Virtual Machine Specification"/>
    <property name="sun.os.patch.level" value=""/>
    <property name="native.encoding" value="Cp1252"/>
    <property name="java.library.path" value="C:\Users\thomas.kaisser\.jdks\openjdk-21.0.2\bin;C:\WINDOWS\Sun\Java\bin;C:\WINDOWS\system32;C:\WINDOWS;C:\Program Files\Microsoft MPI\Bin\;C:\Program Files\Common Files\Oracle\Java\javapath;C:\Program Files (x86)\Common Files\Oracle\Java\javapath;C:\WINDOWS\system32;C:\WINDOWS;C:\WINDOWS\System32\Wbem;C:\WINDOWS\System32\WindowsPowerShell\v1.0\;C:\WINDOWS\System32\OpenSSH\;C:\H\apache-maven-3.9.3\bin;C:\Program Files\Git\cmd;C:\Program Files\nodejs\;C:\Program Files (x86)\Windows Kits\10\Windows Performance Toolkit\;C:\H\jdk-11.0.0.1\bin;C:\Users\thomas.kaisser\AppData\Local\Programs\Python\Python312\Scripts;C:\Users\thomas.kaisser\AppData\Local\Programs\Python\Python312;C:\Program Files\dotnet\;C:\spark\bin;C:\jdk\bin;C:\WINDOWS\system32\config\systemprofile\anaconda3;;C:\Program Files\Docker\Docker\resources\bin;C:\Users\thomas.kaisser\AppData\Local\Programs\Python\Launcher\;C:\Users\thomas.kaisser\AppData\Local\Microsoft\WindowsApps;C:\Users\thomas.kaisser\AppData\Local\Google\Cloud SDK\google-cloud-sdk\bin;C:\Users\thomas.kaisser\AppData\Local\Programs\Microsoft VS Code\bin;C:\Users\thomas.kaisser\AppData\Roaming\npm;C:\H\apache-artemis-2.29.0\bin;C:\H\jdk-11.0.0.1\bin;C:\Users\thomas.kaisser\AppData\Local\Programs\Python\Python312\Scripts;C:\Users\thomas.kaisser\AppData\Local\Programs\Python\Python312;C:\Users\thomas.kaisser\.dotnet\tools;C:\spark\bin;C:\H\jdk-11.0.0.1\bin;C:\Users\thomas.kaisser\anaconda3;;."/>
    <property name="java.vm.info" value="mixed mode"/>
    <property name="stderr.encoding" value="Cp1252"/>
    <property name="java.vendor" value="Oracle Corporation"/>
    <property name="java.vm.version" value="21.0.2+13-58"/>
    <property name="sun.io.unicode.encoding" value="UnicodeLittle"/>
    <property name="java.class.version" value="65.0"/>
  </properties>
  <testcase name="testNextTimeAfterF02TC07" classname="tasks.model.TaskTest" time="0"/>
  <testcase name="testNextTimeAfterF01_TC02" classname="tasks.model.TaskTest" time="0"/>
  <testcase name="testNextTimeAfterF01_TC03" classname="tasks.model.TaskTest" time="0"/>
  <testcase name="testNextTimeAfterF01_TC04" classname="tasks.model.TaskTest" time="0"/>
  <testcase name="testNextTimeAfterF01_TC05" classname="tasks.model.TaskTest" time="0.004"/>
  <testcase name="testNextTimeAfterF02_TC01" classname="tasks.model.TaskTest" time="0"/>
  <testcase name="testNextTimeAfterF02_TC06" classname="tasks.model.TaskTest" time="0"/>
  <testcase name="testTaskCreation" classname="tasks.model.TaskTest" time="0.002"/>
</testsuite>